uf20-01.cnf (41.782056147,705512,true)
uf20-010.cnf (26.196366275,467107,true)
uf20-0100.cnf (21.729776074,373820,true)
uf20-01000.cnf (54.573464551,928470,true)
uf20-0101.cnf (6.301306251,108028,true)
uf20-0102.cnf (17.394100858,292670,true)
uf20-0103.cnf (55.623734705,967940,true)
uf20-0104.cnf (0.243424285,4217,true)
uf20-0105.cnf (25.785066815,447641,true)
uf20-0106.cnf (8.473437218,146808,true)
uf20-0107.cnf (31.432740156,554426,true)
uf20-0108.cnf (17.975591554,317047,true)
uf20-0109.cnf (56.29920914,965511,true)
uf20-011.cnf (21.505020898,371662,true)
uf20-0110.cnf (22.573871861,387950,true)
uf20-0111.cnf (10.947118827,191917,true)
uf20-0112.cnf (37.792716643,671323,true)
uf20-0113.cnf (3.538731004,61882,true)
uf20-0114.cnf (14.850247864,260657,true)
uf20-0115.cnf (52.568236529,901117,true)
uf20-0116.cnf (33.934196004,589658,true)
uf20-0117.cnf (48.604373157,831190,true)
uf20-0118.cnf (1.062129684,18152,true)
uf20-0119.cnf (37.146475567,643562,true)
uf20-012.cnf (0.004802918,77,true)
uf20-0120.cnf (21.648108881,363644,true)
uf20-0121.cnf (0.002442296,39,true)
uf20-0122.cnf (54.174176258,932283,true)
uf20-0123.cnf (54.096912325,919747,true)
uf20-0124.cnf (0.002401739,38,true)
uf20-0125.cnf (0.002430404,40,true)
uf20-0126.cnf (22.06805778,384848,true)
uf20-0127.cnf (12.938752142,223152,true)
uf20-0128.cnf (6.764919074,116479,true)
uf20-0129.cnf (0.011565874,192,true)
uf20-013.cnf (8.204378478,144260,true)
uf20-0130.cnf (45.538209862,771402,true)
uf20-0131.cnf (3.935711293,68960,true)
uf20-0132.cnf (29.519101153,519643,true)
uf20-0133.cnf (0.005476628,92,true)
uf20-0134.cnf (13.47300121,229861,true)
uf20-0135.cnf (14.102144301,241651,true)
uf20-0136.cnf (2.774542551,48035,true)
uf20-0137.cnf (0.005321647,62,true)
uf20-0138.cnf (41.986257925,725928,true)
uf20-0139.cnf (2.224300565,37461,true)
uf20-014.cnf (34.714403437,599594,true)
uf20-0140.cnf (52.735202436,911701,true)
uf20-0141.cnf (57.995087886,980855,true)
uf20-0142.cnf (2.202619505,38411,true)
uf20-0143.cnf (5.022389016,89023,true)
uf20-0144.cnf (8.995386117,151327,true)
uf20-0145.cnf (29.696415037,517365,true)
uf20-0146.cnf (47.795118352,839768,true)
uf20-0147.cnf (57.374547856,981658,true)
uf20-0148.cnf (5.674826584,99406,true)
uf20-0149.cnf (22.760331952,393809,true)
uf20-015.cnf (5.527916299,93249,true)
uf20-0150.cnf (30.968668734,536625,true)
uf20-0151.cnf (0.004936346,80,true)
uf20-0152.cnf (8.831580985,151094,true)
uf20-0153.cnf (9.015767,152639,true)
uf20-0154.cnf (23.043923066,400726,true)
uf20-0155.cnf (19.257808931,331505,true)
uf20-0156.cnf (15.89305097,267697,true)
uf20-0157.cnf (34.13246821,582982,true)
uf20-0158.cnf (47.513019726,813297,true)
uf20-0159.cnf (22.629220995,394891,true)
uf20-016.cnf (21.666821544,374598,true)
uf20-0160.cnf (56.304913009,993360,true)
uf20-0161.cnf (17.114168586,298943,true)
uf20-0162.cnf (8.295097538,142764,true)
uf20-0163.cnf (5.425825251,95948,true)
uf20-0164.cnf (12.955358801,215706,true)
uf20-0165.cnf (30.401898801,557036,true)
uf20-0166.cnf (46.866997266,808428,true)
uf20-0167.cnf (51.365101377,890246,true)
uf20-0168.cnf (0.693910674,11856,true)
uf20-0169.cnf (23.119669493,388636,true)
uf20-017.cnf (21.847020011,390660,true)
uf20-0170.cnf (3.175234349,55417,true)
uf20-0171.cnf (1.040818246,18406,true)
uf20-0172.cnf (10.794947689,184170,true)
uf20-0173.cnf (29.309210357,507966,true)
uf20-0174.cnf (6.909158954,119587,true)
uf20-0175.cnf (58.514037306,993212,true)
uf20-0176.cnf (33.655175409,563597,true)
uf20-0177.cnf (7.011787292,120542,true)
uf20-0178.cnf (0.001969883,30,true)
uf20-0179.cnf (30.025252052,530797,true)
uf20-018.cnf (21.862157668,384238,true)
uf20-0180.cnf (54.650880559,925064,true)
uf20-0181.cnf (0.054479122,939,true)
uf20-0182.cnf (38.725422284,672091,true)
uf20-0183.cnf (23.178970606,392887,true)
uf20-0184.cnf (0.002037233,32,true)
uf20-0185.cnf (2.455358248,43076,true)
uf20-0186.cnf (36.496603619,640544,true)
uf20-0187.cnf (18.260570128,314640,true)
uf20-0188.cnf (13.770048476,231334,true)
uf20-0189.cnf (16.548280782,278864,true)
uf20-019.cnf (8.894569943,154849,true)
uf20-0190.cnf (0.003324805,54,true)
uf20-0191.cnf (50.071479807,866967,true)
uf20-0192.cnf (33.563940537,576832,true)
uf20-0193.cnf (51.753633007,882837,true)
uf20-0194.cnf (0.002093627,32,true)
uf20-0195.cnf (13.47920241,232487,true)
uf20-0196.cnf (37.016717122,624054,true)
uf20-0197.cnf (12.061898281,202941,true)
uf20-0198.cnf (12.513160843,213421,true)
uf20-0199.cnf (12.256623289,210889,true)
uf20-02.cnf (1.183858052,19748,true)
uf20-020.cnf (14.665240995,255136,true)
uf20-0200.cnf (1.466829021,24252,true)
uf20-0201.cnf (46.870303188,809199,true)
uf20-0202.cnf (28.783758223,497423,true)
uf20-0203.cnf (54.218538237,928549,true)
uf20-0204.cnf (2.989482909,51154,true)
uf20-0205.cnf (29.053848131,490072,true)
uf20-0206.cnf (0.002431896,40,true)
uf20-0207.cnf (0.011209987,191,true)
uf20-0208.cnf (0.003671903,62,true)
uf20-0209.cnf (56.172000479,981492,true)
uf20-021.cnf (0.006645867,112,true)
uf20-0210.cnf (15.232384583,253732,true)
uf20-0211.cnf (29.647666852,517325,true)
uf20-0212.cnf (18.130783716,316069,true)
uf20-0213.cnf (42.303439322,734995,true)
uf20-0214.cnf (43.091560615,761088,true)
uf20-0215.cnf (0.905797317,15907,true)
uf20-0216.cnf (57.252885136,990178,true)
uf20-0217.cnf (16.988481873,299249,true)
uf20-0218.cnf (12.502546289,214510,true)
uf20-0219.cnf (58.599828396,1000000,false)
uf20-022.cnf (46.721222352,797628,true)
uf20-0220.cnf (2.368406064,40303,true)
uf20-0221.cnf (0.001460548,22,true)
uf20-0222.cnf (10.852236777,191038,true)
uf20-0223.cnf (0.245163283,4356,true)
uf20-0224.cnf (33.580509984,576381,true)
uf20-0225.cnf (7.835418992,134438,true)
uf20-0226.cnf (6.257926871,106804,true)
uf20-0227.cnf (0.726468488,12432,true)
uf20-0228.cnf (3.051064772,54109,true)
uf20-0229.cnf (6.519766913,114345,true)
uf20-023.cnf (14.42642706,251276,true)
uf20-0230.cnf (0.005596758,92,true)
uf20-0231.cnf (28.464543678,501071,true)
uf20-0232.cnf (52.44240269,891179,true)
uf20-0233.cnf (0.486158573,8368,true)
uf20-0234.cnf (37.323429278,643304,true)
uf20-0235.cnf (14.458359416,255705,true)
uf20-0236.cnf (56.225878455,977412,true)
uf20-0237.cnf (23.189109156,395496,true)
uf20-0238.cnf (17.846910888,317808,true)
uf20-0239.cnf (27.315326993,468267,true)
uf20-024.cnf (21.818384269,370653,true)
uf20-0240.cnf (33.259274891,583475,true)
uf20-0241.cnf (31.390070285,539102,true)
uf20-0242.cnf (15.942729011,278653,true)
uf20-0243.cnf (26.993065881,469374,true)
uf20-0244.cnf (9.27065224,156157,true)
uf20-0245.cnf (13.903533365,236444,true)
uf20-0246.cnf (17.692175489,303201,true)
uf20-0247.cnf (22.61787192,401894,true)
uf20-0248.cnf (36.937579572,632698,true)
uf20-0249.cnf (0.001670622,26,true)
uf20-025.cnf (26.297973167,458667,true)
uf20-0250.cnf (25.369473734,446611,true)
uf20-0251.cnf (8.37500937,145052,true)
uf20-0252.cnf (41.980119955,724573,true)
uf20-0253.cnf (28.330107629,496753,true)
uf20-0254.cnf (46.61279217,814812,true)
uf20-0255.cnf (10.93436208,193649,true)
uf20-0256.cnf (7.709870604,134942,true)
uf20-0257.cnf (3.102922686,53698,true)
uf20-0258.cnf (4.629248367,78411,true)
uf20-0259.cnf (0.287563674,4871,true)
uf20-026.cnf (37.654777102,654768,true)
uf20-0260.cnf (4.869073982,82484,true)
uf20-0261.cnf (3.714226513,64057,true)
uf20-0262.cnf (3.297584405,56333,true)
uf20-0263.cnf (14.452753514,248995,true)
uf20-0264.cnf (53.66155888,920068,true)
uf20-0265.cnf (3.924774603,69945,true)
uf20-0266.cnf (37.434623998,636974,true)
uf20-0267.cnf (47.878999886,813696,true)
uf20-0268.cnf (4.157752396,74582,true)
uf20-0269.cnf (2.911837822,49844,true)
uf20-027.cnf (1.112723064,19499,true)
uf20-0270.cnf (17.288202576,302998,true)
uf20-0271.cnf (0.002078981,32,true)
uf20-0272.cnf (0.095120433,1625,true)
uf20-0273.cnf (34.560992555,613167,true)
uf20-0274.cnf (29.304769506,509169,true)
uf20-0275.cnf (1.02886725,17764,true)
uf20-0276.cnf (17.152376334,290847,true)
uf20-0277.cnf (27.87347173,484232,true)
uf20-0278.cnf (14.763008094,247617,true)
uf20-0279.cnf (0.00666877,113,true)
uf20-028.cnf (14.056338865,237477,true)
uf20-0280.cnf (23.812197363,421653,true)
uf20-0281.cnf (0.005549847,95,true)
uf20-0282.cnf (57.062585721,999036,true)
uf20-0283.cnf (0.002461128,40,true)
uf20-0284.cnf (0.001832359,28,true)
uf20-0285.cnf (0.00213678,33,true)
uf20-0286.cnf (57.927036437,986859,true)
uf20-0287.cnf (4.403687454,75063,true)
uf20-0288.cnf (6.050257077,102697,true)
uf20-0289.cnf (23.838928258,414412,true)
uf20-029.cnf (10.548664469,181877,true)
uf20-0290.cnf (46.741615533,817370,true)
uf20-0291.cnf (55.563935419,982544,true)
uf20-0292.cnf (0.005078681,84,true)
uf20-0293.cnf (5.065311478,90476,true)
uf20-0294.cnf (55.610512717,962650,true)
uf20-0295.cnf (29.744621769,515505,true)
uf20-0296.cnf (10.06325721,173289,true)
uf20-0297.cnf (0.43774005,7531,true)
uf20-0298.cnf (41.70394307,738146,true)
uf20-0299.cnf (12.425515572,209419,true)
uf20-03.cnf (51.894787528,897220,true)
uf20-030.cnf (19.898625958,345636,true)
uf20-0300.cnf (45.485123338,778160,true)
uf20-0301.cnf (36.764127373,636094,true)
uf20-0302.cnf (0.485812554,8409,true)
uf20-0303.cnf (0.003490035,57,true)
uf20-0304.cnf (28.364420631,487712,true)
uf20-0305.cnf (43.614740819,751264,true)
uf20-0306.cnf (25.195341846,428009,true)
uf20-0307.cnf (0.003139071,51,true)
uf20-0308.cnf (43.48914574,746015,true)
uf20-0309.cnf (0.00205776,32,true)
uf20-031.cnf (27.680774664,470105,true)
uf20-0310.cnf (25.657109334,444067,true)
uf20-0311.cnf (0.002943163,49,true)
uf20-0312.cnf (58.701787347,998474,true)
uf20-0313.cnf (42.294937197,724294,true)
uf20-0314.cnf (13.123635397,233254,true)
uf20-0315.cnf (41.988547128,741310,true)
uf20-0316.cnf (31.102014634,525095,true)
uf20-0317.cnf (22.946234173,388015,true)
uf20-0318.cnf (12.416168319,216073,true)
uf20-0319.cnf (12.657809728,225378,true)
uf20-032.cnf (11.58460032,202557,true)
uf20-0320.cnf (31.853916583,556420,true)
uf20-0321.cnf (38.773520671,674313,true)
uf20-0322.cnf (11.388243175,196807,true)
uf20-0323.cnf (31.471442407,532623,true)
uf20-0324.cnf (58.654014732,998543,true)
uf20-0325.cnf (17.539855771,310265,true)
uf20-0326.cnf (4.412622924,76838,true)
uf20-0327.cnf (10.771853644,182014,true)
uf20-0328.cnf (33.926294044,583835,true)
uf20-0329.cnf (51.56340968,886153,true)
uf20-033.cnf (0.004416208,72,true)
uf20-0330.cnf (13.406006105,229104,true)
uf20-0331.cnf (4.304103997,74047,true)
uf20-0332.cnf (2.487139464,42115,true)
uf20-0333.cnf (26.305450966,458855,true)
uf20-0334.cnf (5.831712403,99004,true)
uf20-0335.cnf (10.776844229,189884,true)
uf20-0336.cnf (58.28234261,1000000,false)
uf20-0337.cnf (40.359851835,713034,true)
uf20-0338.cnf (10.286105601,179225,true)
uf20-0339.cnf (53.867438309,954286,true)
uf20-034.cnf (0.003156906,51,true)
uf20-0340.cnf (8.127560266,139680,true)
uf20-0341.cnf (7.725357895,140037,true)
uf20-0342.cnf (6.762825006,117008,true)
uf20-0343.cnf (58.009337515,988386,true)
uf20-0344.cnf (4.343678607,76240,true)
uf20-0345.cnf (14.383266779,249340,true)
uf20-0346.cnf (15.449701188,265935,true)
uf20-0347.cnf (4.213111439,74955,true)
uf20-0348.cnf (44.185149872,780215,true)
uf20-0349.cnf (43.97659848,733517,true)
uf20-035.cnf (32.770845821,558904,true)
uf20-0350.cnf (35.234509786,598240,true)
uf20-0351.cnf (0.003722567,60,true)
uf20-0352.cnf (47.011981553,799961,true)
uf20-0353.cnf (0.001843154,29,true)
uf20-0354.cnf (0.006257851,105,true)
uf20-0355.cnf (48.984554571,872871,true)
uf20-0356.cnf (29.61397806,510942,true)
uf20-0357.cnf (0.004386542,73,true)
uf20-0358.cnf (7.842065571,139352,true)
uf20-0359.cnf (13.914498281,233102,true)
uf20-036.cnf (5.428070045,93468,true)
uf20-0360.cnf (2.772342057,47792,true)
uf20-0361.cnf (37.041379488,643869,true)
uf20-0362.cnf (9.005395058,154150,true)
uf20-0363.cnf (15.536199937,269526,true)
uf20-0364.cnf (41.73442413,719195,true)
uf20-0365.cnf (50.238869008,851069,true)
uf20-0366.cnf (36.691993386,633342,true)
uf20-0367.cnf (30.682050028,521762,true)
uf20-0368.cnf (22.451961868,381635,true)
uf20-0369.cnf (35.88727552,630030,true)
uf20-037.cnf (51.271741544,876116,true)
uf20-0370.cnf (40.868893592,688708,true)
uf20-0371.cnf (32.997265067,574065,true)
uf20-0372.cnf (3.483412567,59685,true)
uf20-0373.cnf (31.737048664,543222,true)
uf20-0374.cnf (42.291143704,732201,true)
uf20-0375.cnf (0.001740847,26,true)
uf20-0376.cnf (17.63876245,302283,true)
uf20-0377.cnf (10.504605188,183084,true)
uf20-0378.cnf (40.298716811,701717,true)
uf20-0379.cnf (13.27405579,229078,true)
uf20-038.cnf (5.313754778,90874,true)
uf20-0380.cnf (52.233545908,887370,true)
uf20-0381.cnf (8.718002113,155630,true)
uf20-0382.cnf (0.009917344,166,true)
uf20-0383.cnf (47.470982868,813065,true)
uf20-0384.cnf (10.483358328,182857,true)
uf20-0385.cnf (16.404359595,280700,true)
uf20-0386.cnf (47.019330596,821094,true)
uf20-0387.cnf (13.067195259,220516,true)
uf20-0388.cnf (43.51547624,749185,true)
uf20-0389.cnf (45.938239115,790771,true)
uf20-039.cnf (23.106343998,394740,true)
uf20-0390.cnf (17.909793374,306182,true)
uf20-0391.cnf (12.452687613,215266,true)
uf20-0392.cnf (6.684616253,117506,true)
uf20-0393.cnf (0.006910282,116,true)
uf20-0394.cnf (1.435452061,24390,true)
uf20-0395.cnf (0.002160346,35,true)
uf20-0396.cnf (53.586164509,920604,true)
uf20-0397.cnf (6.196248184,104080,true)
uf20-0398.cnf (35.713133165,620337,true)
uf20-0399.cnf (53.65812395,910478,true)
uf20-04.cnf (40.104156607,688227,true)
uf20-040.cnf (4.579078703,81327,true)
uf20-0400.cnf (50.548484754,885590,true)
uf20-0401.cnf (20.486136733,367793,true)
uf20-0402.cnf (54.719589525,927286,true)
uf20-0403.cnf (6.402516395,111502,true)
uf20-0404.cnf (1.125874506,18981,true)
uf20-0405.cnf (2.274345688,38438,true)
uf20-0406.cnf (52.700681272,898804,true)
uf20-0407.cnf (1.260834467,21832,true)
uf20-0408.cnf (53.010574654,904951,true)
uf20-0409.cnf (28.96259529,496726,true)
uf20-041.cnf (24.97570131,441803,true)
uf20-0410.cnf (13.652222919,235183,true)
uf20-0411.cnf (55.069331744,981727,true)
uf20-0412.cnf (0.548787895,9594,true)
uf20-0413.cnf (5.664039108,98476,true)
uf20-0414.cnf (51.273473688,898800,true)
uf20-0415.cnf (0.008209511,136,true)
uf20-0416.cnf (11.216548659,195781,true)
uf20-0417.cnf (11.179764871,201073,true)
uf20-0418.cnf (34.442332635,598062,true)
uf20-0419.cnf (58.174184268,993405,true)
uf20-042.cnf (26.220588848,453143,true)
uf20-0420.cnf (0.002543855,41,true)
uf20-0421.cnf (28.067327691,485595,true)
uf20-0422.cnf (26.364835583,470038,true)
uf20-0423.cnf (3.641896505,61643,true)
uf20-0424.cnf (0.006008284,96,true)
uf20-0425.cnf (9.740478191,168868,true)
uf20-0426.cnf (18.927805748,325715,true)
uf20-0427.cnf (20.671611019,357727,true)
uf20-0428.cnf (51.230131157,875642,true)
uf20-0429.cnf (17.29376501,304645,true)
uf20-043.cnf (57.097656944,959038,true)
uf20-0430.cnf (9.219017552,156790,true)
uf20-0431.cnf (5.770765378,100212,true)
uf20-0432.cnf (48.394674498,832692,true)
uf20-0433.cnf (8.949411626,150632,true)
uf20-0434.cnf (11.74294207,204377,true)
uf20-0435.cnf (40.71201782,708818,true)
uf20-0436.cnf (15.131337896,262916,true)
uf20-0437.cnf (49.133297211,825657,true)
uf20-0438.cnf (58.506748266,1000000,false)
uf20-0439.cnf (0.002597075,42,true)
uf20-044.cnf (25.325838627,435517,true)
uf20-0440.cnf (14.088562574,239768,true)
uf20-0441.cnf (0.002066246,32,true)
uf20-0442.cnf (14.149672141,248651,true)
uf20-0443.cnf (16.34365546,276444,true)
uf20-0444.cnf (56.521156105,974211,true)
uf20-0445.cnf (9.60534219,163069,true)
uf20-0446.cnf (11.965928317,209136,true)
uf20-0447.cnf (16.113911786,272104,true)
uf20-0448.cnf (19.209398666,334645,true)
uf20-0449.cnf (52.281149045,900443,true)
uf20-045.cnf (20.700705316,350985,true)
uf20-0450.cnf (0.002421686,37,true)
uf20-0451.cnf (18.097975509,315410,true)
uf20-0452.cnf (23.128205641,389393,true)
uf20-0453.cnf (57.502315158,989068,true)
uf20-0454.cnf (45.99141048,796794,true)
uf20-0455.cnf (10.929672837,188122,true)
uf20-0456.cnf (57.277490922,989529,true)
uf20-0457.cnf (0.012389432,209,true)
uf20-0458.cnf (56.758628474,1000000,false)
uf20-0459.cnf (52.382165045,890863,true)
uf20-046.cnf (40.871432807,698584,true)
uf20-0460.cnf (9.683188698,165525,true)
uf20-0461.cnf (44.799381766,783275,true)
uf20-0462.cnf (8.044692151,141397,true)
uf20-0463.cnf (30.680325617,525996,true)
uf20-0464.cnf (24.015981868,400157,true)
uf20-0465.cnf (39.380904235,678101,true)
uf20-0466.cnf (12.017022113,202921,true)
uf20-0467.cnf (13.911649792,236729,true)
uf20-0468.cnf (0.005284484,87,true)
uf20-0469.cnf (0.255134212,4372,true)
uf20-047.cnf (24.218289479,415511,true)
uf20-0470.cnf (38.514420245,664838,true)
uf20-0471.cnf (21.060948169,360690,true)
uf20-0472.cnf (46.493910516,824627,true)
uf20-0473.cnf (0.001856826,28,true)
uf20-0474.cnf (18.505443286,316058,true)
uf20-0475.cnf (20.391551197,348699,true)
uf20-0476.cnf (30.304433828,529503,true)
uf20-0477.cnf (11.703787058,205108,true)
uf20-0478.cnf (0.006870073,116,true)
uf20-0479.cnf (35.031441875,597022,true)
uf20-048.cnf (57.705479893,1000000,false)
uf20-0480.cnf (0.330125597,5769,true)
uf20-0481.cnf (34.938008586,606769,true)
uf20-0482.cnf (0.004916489,79,true)
uf20-0483.cnf (1.540996889,27477,true)
uf20-0484.cnf (42.234147641,724799,true)
uf20-0485.cnf (9.554900946,163883,true)
uf20-0486.cnf (11.946921538,204508,true)
uf20-0487.cnf (7.470467857,131330,true)
uf20-0488.cnf (13.326302394,228889,true)
uf20-0489.cnf (4.76374183,84772,true)
uf20-049.cnf (3.990996851,69078,true)
uf20-0490.cnf (8.910069239,154584,true)
uf20-0491.cnf (20.984592503,367250,true)
uf20-0492.cnf (21.556251916,382967,true)
uf20-0493.cnf (32.322488688,551851,true)
uf20-0494.cnf (15.994651866,283253,true)
uf20-0495.cnf (27.431264475,473544,true)
uf20-0496.cnf (9.025860779,154470,true)
uf20-0497.cnf (6.853775441,116830,true)
uf20-0498.cnf (5.750841554,99564,true)
uf20-0499.cnf (26.302166567,461080,true)
uf20-05.cnf (20.624265372,348763,true)
uf20-050.cnf (50.750320939,867715,true)
uf20-0500.cnf (21.078376376,356589,true)
uf20-0501.cnf (0.546576483,9399,true)
uf20-0502.cnf (0.097155415,1715,true)
uf20-0503.cnf (0.005377648,88,true)
uf20-0504.cnf (3.905818652,67752,true)
uf20-0505.cnf (9.862010819,167408,true)
uf20-0506.cnf (17.566282708,308928,true)
uf20-0507.cnf (0.180412051,3091,true)
uf20-0508.cnf (38.109363047,643409,true)
uf20-0509.cnf (3.410174825,58621,true)
uf20-051.cnf (7.756577327,134713,true)
uf20-0510.cnf (5.444869081,93006,true)
uf20-0511.cnf (0.00352348,57,true)
uf20-0512.cnf (26.634844464,454946,true)
uf20-0513.cnf (26.427882526,451827,true)
uf20-0514.cnf (7.859152499,134998,true)
uf20-0515.cnf (17.006620707,293981,true)
uf20-0516.cnf (0.004926853,82,true)
uf20-0517.cnf (56.237617583,983777,true)
uf20-0518.cnf (57.389819108,999580,true)
uf20-0519.cnf (54.77948226,954675,true)
uf20-052.cnf (41.354003483,717957,true)
uf20-0520.cnf (8.962687102,153687,true)
uf20-0521.cnf (0.003730275,62,true)
uf20-0522.cnf (23.516733374,412553,true)
uf20-0523.cnf (23.960083908,410087,true)
uf20-0524.cnf (15.758125969,266642,true)
uf20-0525.cnf (0.417516015,7239,true)
uf20-0526.cnf (13.493938743,233833,true)
uf20-0527.cnf (39.073424988,692402,true)
uf20-0528.cnf (56.672683162,984644,true)
uf20-0529.cnf (0.559331094,9558,true)
uf20-053.cnf (27.173144573,478155,true)
uf20-0530.cnf (14.592067361,253665,true)
uf20-0531.cnf (1.125403852,19467,true)
uf20-0532.cnf (9.316732801,155993,true)
uf20-0533.cnf (7.415526446,128374,true)
uf20-0534.cnf (44.504118761,768304,true)
uf20-0535.cnf (0.400984254,6715,true)
uf20-0536.cnf (56.160097365,965392,true)
uf20-0537.cnf (0.002810116,46,true)
uf20-0538.cnf (9.779181605,169836,true)
uf20-0539.cnf (1.241826746,21492,true)
uf20-054.cnf (20.8710376,356100,true)
uf20-0540.cnf (20.745894678,358196,true)
uf20-0541.cnf (5.049586711,88180,true)
uf20-0542.cnf (6.422957113,110770,true)
uf20-0543.cnf (57.464530775,995389,true)
uf20-0544.cnf (3.515059531,59769,true)
uf20-0545.cnf (26.984672779,461175,true)
uf20-0546.cnf (7.343457367,124789,true)
uf20-0547.cnf (6.776695305,120215,true)
uf20-0548.cnf (45.083430145,773021,true)
uf20-0549.cnf (0.001862987,28,true)
uf20-055.cnf (0.003943892,65,true)
uf20-0550.cnf (20.041442891,350887,true)
uf20-0551.cnf (53.338962816,928575,true)
uf20-0552.cnf (11.470896324,205808,true)
uf20-0553.cnf (15.669492771,265083,true)
uf20-0554.cnf (0.445342059,7867,true)
uf20-0555.cnf (14.718743134,252113,true)
uf20-0556.cnf (45.371351053,798317,true)
uf20-0557.cnf (1.050821429,17830,true)
uf20-0558.cnf (2.681468611,45020,true)
uf20-0559.cnf (21.601478546,367192,true)
uf20-056.cnf (7.639011561,130241,true)
uf20-0560.cnf (6.109712029,106296,true)
uf20-0561.cnf (26.9381238,469088,true)
uf20-0562.cnf (31.834578887,545727,true)
uf20-0563.cnf (20.263305404,350735,true)
uf20-0564.cnf (4.498229583,76975,true)
uf20-0565.cnf (22.250952036,388748,true)
uf20-0566.cnf (12.199398455,209285,true)
uf20-0567.cnf (0.010050359,166,true)
uf20-0568.cnf (32.389059875,568255,true)
uf20-0569.cnf (12.679017877,214302,true)
uf20-057.cnf (21.921931614,384550,true)
uf20-0570.cnf (0.569541102,9863,true)
uf20-0571.cnf (26.377210233,451918,true)
uf20-0572.cnf (46.631160045,814597,true)
uf20-0573.cnf (30.006736541,521727,true)
uf20-0574.cnf (3.802490093,66162,true)
uf20-0575.cnf (51.403233572,870974,true)
uf20-0576.cnf (29.410348777,512840,true)
uf20-0577.cnf (11.422566818,192517,true)
uf20-0578.cnf (34.818871511,604682,true)
uf20-0579.cnf (47.696305112,836917,true)
uf20-058.cnf (0.00261649,42,true)
uf20-0580.cnf (26.948094936,456389,true)
uf20-0581.cnf (2.934150157,51318,true)
uf20-0582.cnf (0.007466172,126,true)
uf20-0583.cnf (20.346446914,351438,true)
uf20-0584.cnf (9.27289541,158151,true)
uf20-0585.cnf (6.763155914,117099,true)
uf20-0586.cnf (22.627379031,386016,true)
uf20-0587.cnf (18.472446958,316459,true)
uf20-0588.cnf (2.118383448,35547,true)
uf20-0589.cnf (21.384598575,382325,true)
uf20-059.cnf (57.502249027,1000000,false)
uf20-0590.cnf (24.676271024,417926,true)
uf20-0591.cnf (2.217861912,37377,true)
uf20-0592.cnf (15.573349907,267300,true)
uf20-0593.cnf (0.001540455,23,true)
uf20-0594.cnf (14.478040358,250319,true)
uf20-0595.cnf (25.255856946,434674,true)
uf20-0596.cnf (43.468005842,753421,true)
uf20-0597.cnf (33.719383404,585584,true)
uf20-0598.cnf (55.966286658,969354,true)
uf20-0599.cnf (58.453999004,989253,true)
uf20-06.cnf (57.487992158,995828,true)
uf20-060.cnf (0.003473107,57,true)
uf20-0600.cnf (40.202356781,685417,true)
uf20-0601.cnf (0.27096272,4630,true)
uf20-0602.cnf (0.409355853,6985,true)
uf20-0603.cnf (0.002937534,46,true)
uf20-0604.cnf (0.00596349,104,true)
uf20-0605.cnf (12.348699246,213237,true)
uf20-0606.cnf (40.094714902,707873,true)
uf20-0607.cnf (51.954782111,896414,true)
uf20-0608.cnf (48.010206386,809165,true)
uf20-0609.cnf (25.391875187,438144,true)
uf20-061.cnf (2.665827958,45704,true)
uf20-0610.cnf (0.550293309,9423,true)
uf20-0611.cnf (5.596299274,96753,true)
uf20-0612.cnf (3.128888253,53021,true)
uf20-0613.cnf (59.843063133,1000000,false)
uf20-0614.cnf (0.005177967,86,true)
uf20-0615.cnf (7.253665012,122741,true)
uf20-0616.cnf (10.536949522,182807,true)
uf20-0617.cnf (0.001835178,28,true)
uf20-0618.cnf (19.711934981,343974,true)
uf20-0619.cnf (0.142233606,2415,true)
uf20-062.cnf (8.554820229,141885,true)
uf20-0620.cnf (6.466687226,109179,true)
uf20-0621.cnf (54.495994512,951148,true)
uf20-0622.cnf (0.007616126,124,true)
uf20-0623.cnf (44.26943937,751487,true)
uf20-0624.cnf (3.663399328,61842,true)
uf20-0625.cnf (36.721769922,631065,true)
uf20-0626.cnf (5.009214042,85473,true)
uf20-0627.cnf (3.394692573,59204,true)
uf20-0628.cnf (7.856731584,136997,true)
uf20-0629.cnf (0.849524381,14771,true)
uf20-063.cnf (20.809886698,353727,true)
uf20-0630.cnf (57.835998877,1000000,false)
uf20-0631.cnf (0.920352347,16037,true)
uf20-0632.cnf (24.919502315,421864,true)
uf20-0633.cnf (7.19775681,122943,true)
uf20-0634.cnf (6.50857398,109884,true)
uf20-0635.cnf (24.439402938,427446,true)
uf20-0636.cnf (14.589936015,248237,true)
uf20-0637.cnf (47.5440543,806406,true)
uf20-0638.cnf (36.277510722,606252,true)
uf20-0639.cnf (56.751347011,973624,true)
uf20-064.cnf (37.019390074,643397,true)
uf20-0640.cnf (1.691484953,29550,true)
uf20-0641.cnf (54.108132322,923362,true)
uf20-0642.cnf (7.700086372,129626,true)
uf20-0643.cnf (11.174205156,192102,true)
uf20-0644.cnf (12.173596019,209249,true)
uf20-0645.cnf (0.005692897,94,true)
uf20-0646.cnf (52.60814922,923573,true)
uf20-0647.cnf (14.088715337,241823,true)
uf20-0648.cnf (24.162112532,422749,true)
uf20-0649.cnf (6.094764661,104412,true)
uf20-065.cnf (2.838550218,48262,true)
uf20-0650.cnf (0.001816736,27,true)
uf20-0651.cnf (10.241777499,176510,true)
uf20-0652.cnf (48.007255193,822117,true)
uf20-0653.cnf (1.766008637,29689,true)
uf20-0654.cnf (8.51778177,146795,true)
uf20-0655.cnf (0.003478034,56,true)
uf20-0656.cnf (51.544910552,878479,true)
uf20-0657.cnf (11.623212202,199755,true)
uf20-0658.cnf (28.318069473,477128,true)
uf20-0659.cnf (1.034926096,17784,true)
uf20-066.cnf (3.589975453,63825,true)
uf20-0660.cnf (8.493786526,145755,true)
uf20-0661.cnf (4.781643792,81134,true)
uf20-0662.cnf (4.900836466,86582,true)
uf20-0663.cnf (54.898174765,943577,true)
uf20-0664.cnf (47.559602196,823050,true)
uf20-0665.cnf (0.003011292,49,true)
uf20-0666.cnf (10.221274276,177716,true)
uf20-0667.cnf (14.088421698,240370,true)
uf20-0668.cnf (20.800960068,355190,true)
uf20-0669.cnf (17.107670821,291065,true)
uf20-067.cnf (11.438147437,201901,true)
uf20-0670.cnf (36.243326784,611624,true)
uf20-0671.cnf (0.003377345,30,true)
uf20-0672.cnf (57.901219657,992820,true)
uf20-0673.cnf (7.547748356,124915,true)
uf20-0674.cnf (55.985243574,953033,true)
uf20-0675.cnf (57.105131896,993770,true)
uf20-0676.cnf (0.299743292,5075,true)
uf20-0677.cnf (24.296918192,413333,true)
uf20-0678.cnf (49.719003445,876669,true)
uf20-0679.cnf (16.184639433,280347,true)
uf20-068.cnf (19.944222042,347943,true)
uf20-0680.cnf (0.005229371,88,true)
uf20-0681.cnf (1.067283003,18534,true)
uf20-0682.cnf (0.001695465,25,true)
uf20-0683.cnf (14.34611483,244337,true)
uf20-0684.cnf (35.53096911,613353,true)
uf20-0685.cnf (32.721619084,571866,true)
uf20-0686.cnf (42.920363936,727019,true)
uf20-0687.cnf (26.41397925,456091,true)
uf20-0688.cnf (56.937987707,979975,true)
uf20-0689.cnf (0.002855435,44,true)
uf20-069.cnf (44.640601553,771395,true)
uf20-0690.cnf (2.143610026,37163,true)
uf20-0691.cnf (47.115418296,832070,true)
uf20-0692.cnf (8.750126167,151083,true)
uf20-0693.cnf (25.173436579,423066,true)
uf20-0694.cnf (57.319696982,981427,true)
uf20-0695.cnf (18.213035255,313990,true)
uf20-0696.cnf (0.004388368,73,true)
uf20-0697.cnf (19.98150301,346875,true)
uf20-0698.cnf (21.623334822,371239,true)
uf20-0699.cnf (0.00233856,36,true)
uf20-07.cnf (3.441323501,59276,true)
uf20-070.cnf (12.163190239,209929,true)
uf20-0700.cnf (6.627886631,116518,true)
uf20-0701.cnf (18.02602064,303943,true)
uf20-0702.cnf (3.06951038,54088,true)
uf20-0703.cnf (25.165909556,432060,true)
uf20-0704.cnf (7.616573159,131302,true)
uf20-0705.cnf (50.392592067,877133,true)
uf20-0706.cnf (40.09445613,687468,true)
uf20-0707.cnf (7.590316986,131177,true)
uf20-0708.cnf (0.007649881,130,true)
uf20-0709.cnf (12.841675893,226938,true)
uf20-071.cnf (10.65461505,182426,true)
uf20-0710.cnf (11.328828844,192636,true)
uf20-0711.cnf (40.380775325,690963,true)
uf20-0712.cnf (36.927312937,631844,true)
uf20-0713.cnf (2.426470896,42241,true)
uf20-0714.cnf (0.002820371,45,true)
uf20-0715.cnf (9.906009898,169454,true)
uf20-0716.cnf (13.443359096,234759,true)
uf20-0717.cnf (54.573797054,931248,true)
uf20-0718.cnf (32.010801119,547715,true)
uf20-0719.cnf (30.519864176,524769,true)
uf20-072.cnf (49.552529488,849395,true)
uf20-0720.cnf (37.956903855,675103,true)
uf20-0721.cnf (29.142515042,508122,true)
uf20-0722.cnf (7.255767305,124246,true)
uf20-0723.cnf (55.822029917,970953,true)
uf20-0724.cnf (5.897006977,104467,true)
uf20-0725.cnf (7.225517854,125269,true)
uf20-0726.cnf (40.455936098,698719,true)
uf20-0727.cnf (6.213101733,110105,true)
uf20-0728.cnf (0.005751504,96,true)
uf20-0729.cnf (41.255434464,705360,true)
uf20-073.cnf (51.737236277,927112,true)
uf20-0730.cnf (13.661973311,234744,true)
uf20-0731.cnf (47.932708133,814668,true)
uf20-0732.cnf (38.565629527,653950,true)
uf20-0733.cnf (18.205963482,313147,true)
uf20-0734.cnf (20.368303328,358723,true)
uf20-0735.cnf (0.382696743,6526,true)
uf20-0736.cnf (14.86001095,254869,true)
uf20-0737.cnf (24.26299802,409697,true)
uf20-0738.cnf (0.185257519,3262,true)
uf20-0739.cnf (43.308176241,745358,true)
uf20-074.cnf (36.573380066,634889,true)
uf20-0740.cnf (21.562227934,381649,true)
uf20-0741.cnf (14.692523526,253228,true)
uf20-0742.cnf (14.487426098,248930,true)
uf20-0743.cnf (24.09840962,406914,true)
uf20-0744.cnf (0.00440307,73,true)
uf20-0745.cnf (14.660678311,253354,true)
uf20-0746.cnf (0.323971674,5593,true)
uf20-0747.cnf (2.430668889,41784,true)
uf20-0748.cnf (20.661992861,349469,true)
uf20-0749.cnf (30.671255753,542452,true)
uf20-075.cnf (0.003997687,66,true)
uf20-0750.cnf (6.258240454,110989,true)
uf20-0751.cnf (47.113003049,797485,true)
uf20-0752.cnf (47.358128657,807483,true)
uf20-0753.cnf (42.762167629,739322,true)
uf20-0754.cnf (0.252458136,4369,true)
uf20-0755.cnf (25.49295514,442694,true)
uf20-0756.cnf (6.84219065,117600,true)
uf20-0757.cnf (44.742161686,770657,true)
uf20-0758.cnf (2.184618072,38375,true)
uf20-0759.cnf (31.186732312,542495,true)
uf20-076.cnf (30.42362003,514344,true)
uf20-0760.cnf (2.563170935,44220,true)
uf20-0761.cnf (27.565270657,479067,true)
uf20-0762.cnf (57.13063485,982971,true)
uf20-0763.cnf (46.281334749,819466,true)
uf20-0764.cnf (57.800736514,999023,true)
uf20-0765.cnf (29.301623432,513667,true)
uf20-0766.cnf (19.266108493,331993,true)
uf20-0767.cnf (0.003950842,65,true)
uf20-0768.cnf (10.172276955,172842,true)
uf20-0769.cnf (32.040255203,550220,true)
uf20-077.cnf (43.481631977,738778,true)
uf20-0770.cnf (0.004527582,77,true)
uf20-0771.cnf (19.270468248,332319,true)
uf20-0772.cnf (0.002669858,41,true)
uf20-0773.cnf (8.845352208,153872,true)
uf20-0774.cnf (0.002544439,38,true)
uf20-0775.cnf (37.153645486,623787,true)
uf20-0776.cnf (26.977869145,463904,true)
uf20-0777.cnf (56.757851141,1000000,false)
uf20-0778.cnf (0.40320998,6917,true)
uf20-0779.cnf (20.277000988,351396,true)
uf20-078.cnf (4.490541629,77944,true)
uf20-0780.cnf (5.579948154,97740,true)
uf20-0781.cnf (6.226416143,105529,true)
uf20-0782.cnf (59.517704109,1000000,false)
uf20-0783.cnf (44.969203287,777200,true)
uf20-0784.cnf (36.401525139,620219,true)
uf20-0785.cnf (0.005026776,81,true)
uf20-0786.cnf (22.02248341,377262,true)
uf20-0787.cnf (0.006141788,99,true)
uf20-0788.cnf (7.27742169,129414,true)
uf20-0789.cnf (38.292760033,659866,true)
uf20-079.cnf (17.08156959,289598,true)
uf20-0790.cnf (56.632219107,979452,true)
uf20-0791.cnf (57.293216735,1000000,false)
uf20-0792.cnf (9.834834192,163655,true)
uf20-0793.cnf (11.804929746,204751,true)
uf20-0794.cnf (48.256857044,838945,true)
uf20-0795.cnf (27.697207813,480025,true)
uf20-0796.cnf (54.048983437,925707,true)
uf20-0797.cnf (2.386761733,42275,true)
uf20-0798.cnf (0.886848639,15450,true)
uf20-0799.cnf (31.511973486,534937,true)
uf20-08.cnf (58.14944327,998660,true)
uf20-080.cnf (1.618233057,27804,true)
uf20-0800.cnf (44.347942479,773602,true)
uf20-0801.cnf (12.951190115,231183,true)
uf20-0802.cnf (20.1955007,354749,true)
uf20-0803.cnf (0.004088415,66,true)
uf20-0804.cnf (5.800913104,99567,true)
uf20-0805.cnf (14.629045669,259773,true)
uf20-0806.cnf (1.763143092,30275,true)
uf20-0807.cnf (37.868099307,644326,true)
uf20-0808.cnf (53.800497304,929863,true)
uf20-0809.cnf (1.176112065,20072,true)
uf20-081.cnf (2.925712878,50032,true)
uf20-0810.cnf (0.003729519,60,true)
uf20-0811.cnf (0.100549297,1705,true)
uf20-0812.cnf (3.395381375,58265,true)
uf20-0813.cnf (13.990429237,239986,true)
uf20-0814.cnf (0.002544345,41,true)
uf20-0815.cnf (24.21405498,410769,true)
uf20-0816.cnf (1.628626477,28050,true)
uf20-0817.cnf (0.005238743,87,true)
uf20-0818.cnf (1.118399798,19438,true)
uf20-0819.cnf (7.36141458,126031,true)
uf20-082.cnf (26.301449625,461364,true)
uf20-0820.cnf (22.902864403,397941,true)
uf20-0821.cnf (21.31387025,364387,true)
uf20-0822.cnf (4.244826946,72294,true)
uf20-0823.cnf (25.824341253,451134,true)
uf20-0824.cnf (34.230599356,581435,true)
uf20-0825.cnf (48.736743455,835597,true)
uf20-0826.cnf (9.869016721,171145,true)
uf20-0827.cnf (59.273757911,997457,true)
uf20-0828.cnf (5.434659384,94057,true)
uf20-0829.cnf (3.670433789,62862,true)
uf20-083.cnf (4.251035381,72809,true)
uf20-0830.cnf (28.905801627,493175,true)
uf20-0831.cnf (18.735354861,331548,true)
uf20-0832.cnf (19.094072786,325483,true)
uf20-0833.cnf (5.388042124,92546,true)
uf20-0834.cnf (18.79184099,316104,true)
uf20-0835.cnf (0.147422694,2581,true)
uf20-0836.cnf (14.86572322,260616,true)
uf20-0837.cnf (2.486452711,42909,true)
uf20-0838.cnf (2.217671043,37471,true)
uf20-0839.cnf (27.300863597,479028,true)
uf20-084.cnf (5.800775809,102263,true)
uf20-0840.cnf (54.442575688,953813,true)
uf20-0841.cnf (30.232012483,534668,true)
uf20-0842.cnf (18.610007571,312935,true)
uf20-0843.cnf (9.609163698,162621,true)
uf20-0844.cnf (8.931103123,158072,true)
uf20-0845.cnf (20.879147321,350652,true)
uf20-0846.cnf (3.914862112,69054,true)
uf20-0847.cnf (1.642592187,27964,true)
uf20-0848.cnf (49.512993339,838727,true)
uf20-0849.cnf (29.007880529,504162,true)
uf20-085.cnf (13.322192099,230425,true)
uf20-0850.cnf (38.904930711,657039,true)
uf20-0851.cnf (0.003925076,61,true)
uf20-0852.cnf (1.452222947,24341,true)
uf20-0853.cnf (39.787874833,682033,true)
uf20-0854.cnf (0.30187205,5043,true)
uf20-0855.cnf (16.826374178,293927,true)
uf20-0856.cnf (0.003885724,60,true)
uf20-0857.cnf (20.533027574,352845,true)
uf20-0858.cnf (8.954792352,153353,true)
uf20-0859.cnf (30.983375582,548663,true)
uf20-086.cnf (8.819973318,150679,true)
uf20-0860.cnf (0.003815875,62,true)
uf20-0861.cnf (5.554515606,94655,true)
uf20-0862.cnf (0.007009871,114,true)
uf20-0863.cnf (9.301411619,161364,true)
uf20-0864.cnf (43.455878577,766640,true)
uf20-0865.cnf (7.389303964,125430,true)
uf20-0866.cnf (28.4543676,478515,true)
uf20-0867.cnf (5.481750185,94720,true)
uf20-0868.cnf (7.602457042,130571,true)
uf20-0869.cnf (4.153446531,71404,true)
uf20-087.cnf (23.432574076,405612,true)
uf20-0870.cnf (21.585353462,381947,true)
uf20-0871.cnf (40.693389359,692780,true)
uf20-0872.cnf (14.746101391,252536,true)
uf20-0873.cnf (12.127157743,212162,true)
uf20-0874.cnf (0.008775132,148,true)
uf20-0875.cnf (1.358509309,23434,true)
uf20-0876.cnf (12.575461704,213894,true)
uf20-0877.cnf (8.630171512,149102,true)
uf20-0878.cnf (3.523071464,58892,true)
uf20-0879.cnf (52.210059564,905133,true)
uf20-088.cnf (0.002948848,47,true)
uf20-0880.cnf (42.125088062,731688,true)
uf20-0881.cnf (24.156388852,422348,true)
uf20-0882.cnf (18.057742362,312345,true)
uf20-0883.cnf (21.359458085,361504,true)
uf20-0884.cnf (19.1462551,324390,true)
uf20-0885.cnf (14.36002931,247784,true)
uf20-0886.cnf (29.64997932,522920,true)
uf20-0887.cnf (58.563071234,997438,true)
uf20-0888.cnf (57.799531087,993187,true)
uf20-0889.cnf (47.784756023,819450,true)
uf20-089.cnf (38.125947254,643135,true)
uf20-0890.cnf (53.673932593,914089,true)
uf20-0891.cnf (1.294290902,22157,true)
uf20-0892.cnf (0.198055669,3375,true)
uf20-0893.cnf (7.587286925,131249,true)
uf20-0894.cnf (7.421930112,131262,true)
uf20-0895.cnf (20.555968574,351023,true)
uf20-0896.cnf (42.88420337,738810,true)
uf20-0897.cnf (29.498503075,508907,true)
uf20-0898.cnf (0.39834093,6719,true)
uf20-0899.cnf (43.847273489,769189,true)
uf20-09.cnf (0.004205114,69,true)
uf20-090.cnf (8.850897265,158494,true)
uf20-0900.cnf (6.98504894,120715,true)
uf20-0901.cnf (8.517217756,147582,true)
uf20-0902.cnf (2.039027431,35768,true)
uf20-0903.cnf (5.444625987,95458,true)
uf20-0904.cnf (37.215571072,634850,true)
uf20-0905.cnf (8.944337677,150561,true)
uf20-0906.cnf (35.713472503,609377,true)
uf20-0907.cnf (50.829931816,856506,true)
uf20-0908.cnf (58.408544566,996412,true)
uf20-0909.cnf (19.888184862,332994,true)
uf20-091.cnf (18.987004205,334064,true)
uf20-0910.cnf (1.140025949,19501,true)
uf20-0911.cnf (0.843970708,14616,true)
uf20-0912.cnf (1.973877966,33687,true)
uf20-0913.cnf (23.345306965,406229,true)
uf20-0914.cnf (9.69689322,168716,true)
uf20-0915.cnf (0.002842465,45,true)
uf20-0916.cnf (35.83027026,627856,true)
uf20-0917.cnf (46.123905917,783281,true)
uf20-0918.cnf (0.003581545,58,true)
uf20-0919.cnf (7.56483289,132424,true)
uf20-092.cnf (8.889447011,160120,true)
uf20-0920.cnf (52.229084029,919992,true)
uf20-0921.cnf (15.709159371,275953,true)
uf20-0922.cnf (38.446542605,664020,true)
uf20-0923.cnf (45.076260897,753423,true)
uf20-0924.cnf (34.236808322,584222,true)
uf20-0925.cnf (33.867174204,576916,true)
uf20-0926.cnf (49.790514041,862146,true)
uf20-0927.cnf (4.901237138,84613,true)
uf20-0928.cnf (57.812153616,992951,true)
uf20-0929.cnf (38.474139643,649320,true)
uf20-093.cnf (3.66877747,62802,true)
uf20-0930.cnf (24.501663867,419724,true)
uf20-0931.cnf (1.130959211,19119,true)
uf20-0932.cnf (0.003675895,61,true)
uf20-0933.cnf (58.405360188,1000000,false)
uf20-0934.cnf (4.096962785,72133,true)
uf20-0935.cnf (9.677359846,169235,true)
uf20-0936.cnf (44.375748042,768132,true)
uf20-0937.cnf (33.02294234,565338,true)
uf20-0938.cnf (45.041203514,784388,true)
uf20-0939.cnf (33.256685519,566451,true)
uf20-094.cnf (20.646651232,362317,true)
uf20-0940.cnf (25.697101604,441689,true)
uf20-0941.cnf (16.839433714,282914,true)
uf20-0942.cnf (0.002158472,33,true)
uf20-0943.cnf (57.002183803,983908,true)
uf20-0944.cnf (10.760642259,188940,true)
uf20-0945.cnf (50.245588705,870768,true)
uf20-0946.cnf (10.868268512,188567,true)
uf20-0947.cnf (4.781994145,82818,true)
uf20-0948.cnf (7.908154576,137792,true)
uf20-0949.cnf (11.289147494,192033,true)
uf20-095.cnf (23.280851576,403745,true)
uf20-0950.cnf (50.636633852,868645,true)
uf20-0951.cnf (11.4124024,194314,true)
uf20-0952.cnf (0.094295416,1602,true)
uf20-0953.cnf (21.195897766,360231,true)
uf20-0954.cnf (4.57717372,79302,true)
uf20-0955.cnf (12.296613433,213835,true)
uf20-0956.cnf (50.035731177,840759,true)
uf20-0957.cnf (19.244733652,325769,true)
uf20-0958.cnf (24.266453677,409486,true)
uf20-0959.cnf (34.814872487,623718,true)
uf20-096.cnf (41.989539819,727542,true)
uf20-0960.cnf (21.380643127,375851,true)
uf20-0961.cnf (6.897593996,116982,true)
uf20-0962.cnf (57.658421403,1000000,false)
uf20-0963.cnf (42.443013467,712767,true)
uf20-0964.cnf (52.285263571,897127,true)
uf20-0965.cnf (3.040404146,52695,true)
uf20-0966.cnf (26.669801265,468613,true)
uf20-0967.cnf (0.0039386,66,true)
uf20-0968.cnf (19.63713051,335867,true)
uf20-0969.cnf (29.972430755,510041,true)
uf20-097.cnf (0.0041465,67,true)
uf20-0970.cnf (8.306647668,140710,true)
uf20-0971.cnf (58.461586058,999423,true)
uf20-0972.cnf (9.59260897,163619,true)
uf20-0973.cnf (37.014420188,637622,true)
uf20-0974.cnf (21.179719039,366819,true)
uf20-0975.cnf (47.485861251,844674,true)
uf20-0976.cnf (22.111266965,378473,true)
uf20-0977.cnf (29.034675034,498557,true)
uf20-0978.cnf (37.799734596,669626,true)
uf20-0979.cnf (59.103963003,1000000,false)
uf20-098.cnf (15.470748204,270227,true)
uf20-0980.cnf (32.329610397,549562,true)
uf20-0981.cnf (45.717354346,788439,true)
uf20-0982.cnf (3.303877661,56891,true)
uf20-0983.cnf (29.129536009,495669,true)
uf20-0984.cnf (48.61580313,844141,true)
uf20-0985.cnf (15.599675719,267916,true)
uf20-0986.cnf (0.841527589,14257,true)
uf20-0987.cnf (8.95563193,156081,true)
uf20-0988.cnf (7.442340034,128810,true)
uf20-0989.cnf (22.721493925,387425,true)
uf20-099.cnf (35.512136402,596169,true)
uf20-0990.cnf (42.810627708,739917,true)
uf20-0991.cnf (4.85448224,83438,true)
uf20-0992.cnf (27.253188313,467871,true)
uf20-0993.cnf (22.567842305,390802,true)
uf20-0994.cnf (5.321163731,89078,true)
uf20-0995.cnf (21.194385537,371011,true)
uf20-0996.cnf (45.063942876,772071,true)
uf20-0997.cnf (23.551100785,405230,true)
uf20-0998.cnf (9.865097211,168863,true)
uf20-0999.cnf (0.003695065,61,true)
